<?xml version="1.0" encoding="UTF-8"?>
<testsuites name="New Test Suite Collection" time="7.014" tests="1" failures="0" errors="0">
   <testsuite name="New Test Suite" tests="1" failures="0" errors="0" time="1.607" timestamp="2020-06-04 22:29:06" hostname="amber - DESKTOP-L2VHELI" id="Test Suites/New Test Suite">
      <properties>
         <property name="deviceName" value=""/>
         <property name="devicePlatform" value=""/>
         <property name="logFolder" value="C:\\Users\\amber\\Katalon Studio\\simple_project\\Reports\\20200604_222856\\New Test Suite\\20200604_222856"/>
         <property name="logFiles" value="C:\\Users\\amber\\Katalon Studio\\simple_project\\Reports\\20200604_222856\\New Test Suite\\20200604_222856\\execution0.log"/>
         <property name="attachments" value=""/>
         <property name="hostName" value="amber - DESKTOP-L2VHELI"/>
         <property name="hostAddress" value="192.168.56.1"/>
         <property name="os" value="Windows 10 64bit"/>
         <property name="katalonVersion" value="7.4.0.1"/>
      </properties>
      <testcase name="Test Cases/New Test Case" time="0.858" classname="Test Cases/New Test Case" status="PASSED">
         <system-out><![CDATA[2020-06-04 22:29:06 - [TEST_CASE][PASSED] - Test Cases/New Test Case: Test Cases/New Test Case

2020-06-04 22:29:07 - [TEST_STEP][PASSED] - out.println("Hello World"): null]]></system-out>
         <system-err><![CDATA[]]></system-err>
      </testcase>
      <system-out><![CDATA[2020-06-04 22:29:06 - [TEST_SUITE][PASSED] - New Test Suite: Test Cases/New Test Case]]></system-out>
      <system-err><![CDATA[]]></system-err>
   </testsuite>
</testsuites>
